<?xml version="1.0" encoding="UTF-8"?>
<!-- Generated by org.testng.reporters.JUnitReportReporter -->
<testsuite name="scripts.Tests" tests="1" time="0.013" ignored="0" failures="0" timestamp="04 ago 2021 18:33:13 GMT" skipped="0" hostname="LAPTOP-A469JALB" errors="0">
  <testcase name="Prueba" time="0.013" classname="scripts.Tests"/>
</testsuite> <!-- scripts.Tests -->
